This is pdfTeX, Version 3.1415926-1.40.10 (TeX Live 2009/Debian) (format=pdflatex 2013.6.29)  3 JUL 2013 12:06
entering extended mode
 %&-line parsing enabled.
**Grp1_Aadhar_Authen_Presentation_2013_06_30.tex
(./Grp1_Aadhar_Authen_Presentation_2013_06_30.tex
LaTeX2e <2009/09/24>
Babel <v3.8l> and hyphenation patterns for english, usenglishmax, dumylang, noh
yphenation, loaded.
(/usr/share/texmf/tex/latex/beamer/base/beamer.cls
(/usr/share/texmf/tex/latex/beamer/base/beamerbasercs.sty
Package: beamerbasercs 2010/06/12 (rcs-revision c3821710bb40)
)
Document Class: beamer 2010/06/21 development version 3.10 A class for typesett
ing presentations (rcs-revision a6b1a8434d30)
(/usr/share/texmf/tex/latex/beamer/base/beamerbasemodes.sty
Package: beamerbasemodes 2010/05/01 (rcs-revision efa082c6111d)
\beamer@tempbox=\box26
\beamer@tempcount=\count79
\c@beamerpauses=\count80

(/usr/share/texmf/tex/latex/beamer/base/beamerbasedecode.sty
Package: beamerbasedecode 2010/05/01 (rcs-revision efa082c6111d)
\beamer@slideinframe=\count81
\beamer@minimum=\count82
)
\beamer@commentbox=\box27
\beamer@modecount=\count83
)
\headheight=\dimen102
\headdp=\dimen103
\footheight=\dimen104
\sidebarheight=\dimen105
\beamer@tempdim=\dimen106
\beamer@finalheight=\dimen107
\beamer@animht=\dimen108
\beamer@animdp=\dimen109
\beamer@animwd=\dimen110
\beamer@leftmargin=\dimen111
\beamer@rightmargin=\dimen112
\beamer@leftsidebar=\dimen113
\beamer@rightsidebar=\dimen114
\beamer@boxsize=\dimen115
\beamer@vboxoffset=\dimen116
\beamer@descdefault=\dimen117
\beamer@descriptionwidth=\dimen118
\beamer@lastskip=\skip41
\beamer@areabox=\box28
\beamer@animcurrent=\box29
\beamer@animshowbox=\box30
\beamer@sectionbox=\box31
\beamer@logobox=\box32
\beamer@linebox=\box33
\beamer@sectioncount=\count84
\beamer@subsubsectionmax=\count85
\beamer@subsectionmax=\count86
\beamer@sectionmax=\count87
\beamer@totalheads=\count88
\beamer@headcounter=\count89
\beamer@partstartpage=\count90
\beamer@sectionstartpage=\count91
\beamer@subsectionstartpage=\count92
\beamer@animationtempa=\count93
\beamer@animationtempb=\count94
\beamer@xpos=\count95
\beamer@ypos=\count96
\beamer@showpartnumber=\count97
\beamer@currentsubsection=\count98
\beamer@coveringdepth=\count99
\beamer@sectionadjust=\count100
\beamer@tocsectionnumber=\count101

(/usr/share/texmf/tex/latex/beamer/base/beamerbaseoptions.sty
Package: beamerbaseoptions 2010/04/27 (rcs-revision 982469101dd6)

(/usr/share/texmf-texlive/tex/latex/graphics/keyval.sty
Package: keyval 1999/03/16 v1.13 key=value parser (DPC)
\KV@toks@=\toks14
))
\beamer@paperwidth=\skip42
\beamer@paperheight=\skip43

(/usr/share/texmf-texlive/tex/latex/geometry/geometry.sty
Package: geometry 2008/12/21 v4.2 Page Geometry

(/usr/share/texmf-texlive/tex/generic/oberdiek/ifpdf.sty
Package: ifpdf 2009/04/10 v2.0 Provides the ifpdf switch (HO)
Package ifpdf Info: pdfTeX in pdf mode detected.
)
(/usr/share/texmf-texlive/tex/generic/oberdiek/ifvtex.sty
Package: ifvtex 2008/11/04 v1.4 Switches for detecting VTeX and its modes (HO)
Package ifvtex Info: VTeX not detected.
)
\Gm@cnth=\count102
\Gm@cntv=\count103
\c@Gm@tempcnt=\count104
\Gm@bindingoffset=\dimen119
\Gm@wd@mp=\dimen120
\Gm@odd@mp=\dimen121
\Gm@even@mp=\dimen122
\Gm@dimlist=\toks15
)
(/usr/share/texmf-texlive/tex/latex/base/size12.clo
File: size12.clo 2007/10/19 v1.4h Standard LaTeX file (size option)
)
(/usr/share/texmf/tex/latex/pgf/basiclayer/pgfcore.sty
(/usr/share/texmf-texlive/tex/latex/graphics/graphicx.sty
Package: graphicx 1999/02/16 v1.0f Enhanced LaTeX Graphics (DPC,SPQR)

(/usr/share/texmf-texlive/tex/latex/graphics/graphics.sty
Package: graphics 2009/02/05 v1.0o Standard LaTeX Graphics (DPC,SPQR)

(/usr/share/texmf-texlive/tex/latex/graphics/trig.sty
Package: trig 1999/03/16 v1.09 sin cos tan (DPC)
)
(/etc/texmf/tex/latex/config/graphics.cfg
File: graphics.cfg 2009/08/28 v1.8 graphics configuration of TeX Live
)
Package graphics Info: Driver file: pdftex.def on input line 91.

(/usr/share/texmf-texlive/tex/latex/pdftex-def/pdftex.def
File: pdftex.def 2010/03/12 v0.04p Graphics/color for pdfTeX
\Gread@gobject=\count105
))
\Gin@req@height=\dimen123
\Gin@req@width=\dimen124
)
(/usr/share/texmf/tex/latex/pgf/systemlayer/pgfsys.sty
(/usr/share/texmf/tex/latex/pgf/utilities/pgfrcs.sty
(/usr/share/texmf/tex/generic/pgf/utilities/pgfutil-common.tex
\pgfutil@everybye=\toks16
)
(/usr/share/texmf/tex/generic/pgf/utilities/pgfutil-latex.def
\pgfutil@abb=\box34

(/usr/share/texmf-texlive/tex/latex/ms/everyshi.sty
Package: everyshi 2001/05/15 v3.00 EveryShipout Package (MS)
))
(/usr/share/texmf/tex/generic/pgf/utilities/pgfrcs.code.tex
Package: pgfrcs 2010/10/25 v2.10 (rcs-revision 1.24)
))
(/usr/share/texmf/tex/generic/pgf/systemlayer/pgfsys.code.tex
Package: pgfsys 2010/06/30 v2.10 (rcs-revision 1.37)

(/usr/share/texmf/tex/generic/pgf/utilities/pgfkeys.code.tex
\pgfkeys@pathtoks=\toks17
\pgfkeys@temptoks=\toks18

(/usr/share/texmf/tex/generic/pgf/utilities/pgfkeysfiltered.code.tex
\pgfkeys@tmptoks=\toks19
))
\pgf@x=\dimen125
\pgf@y=\dimen126
\pgf@xa=\dimen127
\pgf@ya=\dimen128
\pgf@xb=\dimen129
\pgf@yb=\dimen130
\pgf@xc=\dimen131
\pgf@yc=\dimen132
\w@pgf@writea=\write3
\r@pgf@reada=\read1
\c@pgf@counta=\count106
\c@pgf@countb=\count107
\c@pgf@countc=\count108
\c@pgf@countd=\count109

(/usr/share/texmf/tex/generic/pgf/systemlayer/pgf.cfg
File: pgf.cfg 2008/05/14  (rcs-revision 1.7)
)
Package pgfsys Info: Driver file for pgf: pgfsys-pdftex.def on input line 900.

(/usr/share/texmf/tex/generic/pgf/systemlayer/pgfsys-pdftex.def
File: pgfsys-pdftex.def 2009/05/22  (rcs-revision 1.26)

(/usr/share/texmf/tex/generic/pgf/systemlayer/pgfsys-common-pdf.def
File: pgfsys-common-pdf.def 2008/05/19  (rcs-revision 1.10)
)))
(/usr/share/texmf/tex/generic/pgf/systemlayer/pgfsyssoftpath.code.tex
File: pgfsyssoftpath.code.tex 2008/07/18  (rcs-revision 1.7)
\pgfsyssoftpath@smallbuffer@items=\count110
\pgfsyssoftpath@bigbuffer@items=\count111
)
(/usr/share/texmf/tex/generic/pgf/systemlayer/pgfsysprotocol.code.tex
File: pgfsysprotocol.code.tex 2006/10/16  (rcs-revision 1.4)
))
(/usr/share/texmf/tex/latex/xcolor/xcolor.sty
Package: xcolor 2007/01/21 v2.11 LaTeX color extensions (UK)

(/etc/texmf/tex/latex/config/color.cfg
File: color.cfg 2007/01/18 v1.5 color configuration of teTeX/TeXLive
)
Package xcolor Info: Driver file: pdftex.def on input line 225.
Package xcolor Info: Model `cmy' substituted by `cmy0' on input line 1337.
Package xcolor Info: Model `hsb' substituted by `rgb' on input line 1341.
Package xcolor Info: Model `RGB' extended on input line 1353.
Package xcolor Info: Model `HTML' substituted by `rgb' on input line 1355.
Package xcolor Info: Model `Hsb' substituted by `hsb' on input line 1356.
Package xcolor Info: Model `tHsb' substituted by `hsb' on input line 1357.
Package xcolor Info: Model `HSB' substituted by `hsb' on input line 1358.
Package xcolor Info: Model `Gray' substituted by `gray' on input line 1359.
Package xcolor Info: Model `wave' substituted by `hsb' on input line 1360.
)
(/usr/share/texmf/tex/generic/pgf/basiclayer/pgfcore.code.tex
Package: pgfcore 2010/04/11 v2.10 (rcs-revision 1.7)

(/usr/share/texmf/tex/generic/pgf/math/pgfmath.code.tex
(/usr/share/texmf/tex/generic/pgf/math/pgfmathcalc.code.tex
(/usr/share/texmf/tex/generic/pgf/math/pgfmathutil.code.tex)
(/usr/share/texmf/tex/generic/pgf/math/pgfmathparser.code.tex
\pgfmath@dimen=\dimen133
\pgfmath@count=\count112
\pgfmath@box=\box35
\pgfmath@toks=\toks20
\pgfmath@stack@operand=\toks21
\pgfmath@stack@operation=\toks22
)
(/usr/share/texmf/tex/generic/pgf/math/pgfmathfunctions.code.tex
(/usr/share/texmf/tex/generic/pgf/math/pgfmathfunctions.basic.code.tex)
(/usr/share/texmf/tex/generic/pgf/math/pgfmathfunctions.trigonometric.code.tex)
(/usr/share/texmf/tex/generic/pgf/math/pgfmathfunctions.random.code.tex)
(/usr/share/texmf/tex/generic/pgf/math/pgfmathfunctions.comparison.code.tex)
(/usr/share/texmf/tex/generic/pgf/math/pgfmathfunctions.base.code.tex)
(/usr/share/texmf/tex/generic/pgf/math/pgfmathfunctions.round.code.tex)
(/usr/share/texmf/tex/generic/pgf/math/pgfmathfunctions.misc.code.tex)))
(/usr/share/texmf/tex/generic/pgf/math/pgfmathfloat.code.tex
\c@pgfmathroundto@lastzeros=\count113
))
(/usr/share/texmf/tex/generic/pgf/basiclayer/pgfcorepoints.code.tex
File: pgfcorepoints.code.tex 2010/04/09  (rcs-revision 1.20)
\pgf@picminx=\dimen134
\pgf@picmaxx=\dimen135
\pgf@picminy=\dimen136
\pgf@picmaxy=\dimen137
\pgf@pathminx=\dimen138
\pgf@pathmaxx=\dimen139
\pgf@pathminy=\dimen140
\pgf@pathmaxy=\dimen141
\pgf@xx=\dimen142
\pgf@xy=\dimen143
\pgf@yx=\dimen144
\pgf@yy=\dimen145
\pgf@zx=\dimen146
\pgf@zy=\dimen147
)
(/usr/share/texmf/tex/generic/pgf/basiclayer/pgfcorepathconstruct.code.tex
File: pgfcorepathconstruct.code.tex 2010/08/03  (rcs-revision 1.24)
\pgf@path@lastx=\dimen148
\pgf@path@lasty=\dimen149
)
(/usr/share/texmf/tex/generic/pgf/basiclayer/pgfcorepathusage.code.tex
File: pgfcorepathusage.code.tex 2008/04/22  (rcs-revision 1.12)
\pgf@shorten@end@additional=\dimen150
\pgf@shorten@start@additional=\dimen151
)
(/usr/share/texmf/tex/generic/pgf/basiclayer/pgfcorescopes.code.tex
File: pgfcorescopes.code.tex 2010/09/08  (rcs-revision 1.34)
\pgfpic=\box36
\pgf@hbox=\box37
\pgf@layerbox@main=\box38
\pgf@picture@serial@count=\count114
)
(/usr/share/texmf/tex/generic/pgf/basiclayer/pgfcoregraphicstate.code.tex
File: pgfcoregraphicstate.code.tex 2008/04/22  (rcs-revision 1.9)
\pgflinewidth=\dimen152
)
(/usr/share/texmf/tex/generic/pgf/basiclayer/pgfcoretransformations.code.tex
File: pgfcoretransformations.code.tex 2009/06/10  (rcs-revision 1.11)
\pgf@pt@x=\dimen153
\pgf@pt@y=\dimen154
\pgf@pt@temp=\dimen155
)
(/usr/share/texmf/tex/generic/pgf/basiclayer/pgfcorequick.code.tex
File: pgfcorequick.code.tex 2008/10/09  (rcs-revision 1.3)
)
(/usr/share/texmf/tex/generic/pgf/basiclayer/pgfcoreobjects.code.tex
File: pgfcoreobjects.code.tex 2006/10/11  (rcs-revision 1.2)
)
(/usr/share/texmf/tex/generic/pgf/basiclayer/pgfcorepathprocessing.code.tex
File: pgfcorepathprocessing.code.tex 2008/10/09  (rcs-revision 1.8)
)
(/usr/share/texmf/tex/generic/pgf/basiclayer/pgfcorearrows.code.tex
File: pgfcorearrows.code.tex 2008/04/23  (rcs-revision 1.11)
)
(/usr/share/texmf/tex/generic/pgf/basiclayer/pgfcoreshade.code.tex
File: pgfcoreshade.code.tex 2008/11/23  (rcs-revision 1.13)
\pgf@max=\dimen156
\pgf@sys@shading@range@num=\count115
)
(/usr/share/texmf/tex/generic/pgf/basiclayer/pgfcoreimage.code.tex
File: pgfcoreimage.code.tex 2010/03/25  (rcs-revision 1.16)

(/usr/share/texmf/tex/generic/pgf/basiclayer/pgfcoreexternal.code.tex
File: pgfcoreexternal.code.tex 2010/09/01  (rcs-revision 1.17)
\pgfexternal@startupbox=\box39
))
(/usr/share/texmf/tex/generic/pgf/basiclayer/pgfcorelayers.code.tex
File: pgfcorelayers.code.tex 2010/08/27  (rcs-revision 1.2)
)
(/usr/share/texmf/tex/generic/pgf/basiclayer/pgfcoretransparency.code.tex
File: pgfcoretransparency.code.tex 2008/01/17  (rcs-revision 1.2)
)
(/usr/share/texmf/tex/generic/pgf/basiclayer/pgfcorepatterns.code.tex
File: pgfcorepatterns.code.tex 2009/07/02  (rcs-revision 1.3)
)))
(/usr/share/texmf/tex/latex/pgf/utilities/xxcolor.sty
Package: xxcolor 2003/10/24 ver 0.1
\XC@nummixins=\count116
\XC@countmixins=\count117
)
(/usr/share/texmf-texlive/tex/latex/hyperref/hyperref.sty
Package: hyperref 2009/10/09 v6.79a Hypertext links for LaTeX

(/usr/share/texmf-texlive/tex/generic/ifxetex/ifxetex.sty
Package: ifxetex 2009/01/23 v0.5 Provides ifxetex conditional
)
(/usr/share/texmf-texlive/tex/latex/oberdiek/hycolor.sty
Package: hycolor 2009/10/02 v1.5 Code for color options of hyperref/bookmark (H
O)

(/usr/share/texmf-texlive/tex/latex/oberdiek/xcolor-patch.sty
Package: xcolor-patch 2009/10/02 xcolor patch
))
\@linkdim=\dimen157
\Hy@linkcounter=\count118
\Hy@pagecounter=\count119

(/usr/share/texmf-texlive/tex/latex/hyperref/pd1enc.def
File: pd1enc.def 2009/10/09 v6.79a Hyperref: PDFDocEncoding definition (HO)
)
(/usr/share/texmf-texlive/tex/generic/oberdiek/etexcmds.sty
Package: etexcmds 2007/12/12 v1.2 Prefix for e-TeX command names (HO)

(/usr/share/texmf-texlive/tex/generic/oberdiek/infwarerr.sty
Package: infwarerr 2007/09/09 v1.2 Providing info/warning/message (HO)
)
Package etexcmds Info: Could not find \expanded.
(etexcmds)             That can mean that you are not using pdfTeX 1.50 or
(etexcmds)             that some package has redefined \expanded.
(etexcmds)             In the latter case, load this package earlier.
)
(/usr/share/texmf-texlive/tex/latex/latexconfig/hyperref.cfg
File: hyperref.cfg 2002/06/06 v1.2 hyperref configuration of TeXLive
)
(/usr/share/texmf-texlive/tex/latex/oberdiek/kvoptions.sty
Package: kvoptions 2009/08/13 v3.4 Keyval support for LaTeX options (HO)

(/usr/share/texmf-texlive/tex/generic/oberdiek/kvsetkeys.sty
Package: kvsetkeys 2009/07/30 v1.5 Key value parser with default handler suppor
t (HO)
))
Package hyperref Info: Option `bookmarks' set `true' on input line 2864.
Package hyperref Info: Option `bookmarksopen' set `true' on input line 2864.
Package hyperref Info: Option `implicit' set `false' on input line 2864.
Package hyperref Info: Hyper figures OFF on input line 2975.
Package hyperref Info: Link nesting OFF on input line 2980.
Package hyperref Info: Hyper index ON on input line 2983.
Package hyperref Info: Plain pages OFF on input line 2990.
Package hyperref Info: Backreferencing OFF on input line 2995.

Implicit mode OFF; no redefinition of LaTeX internals
Package hyperref Info: Bookmarks ON on input line 3191.
(/usr/share/texmf-texlive/tex/latex/ltxmisc/url.sty
\Urlmuskip=\muskip10
Package: url 2006/04/12  ver 3.3  Verb mode for urls, etc.
)
LaTeX Info: Redefining \url on input line 3428.

(/usr/share/texmf-texlive/tex/generic/oberdiek/bitset.sty
Package: bitset 2007/09/28 v1.0 Data type bit set (HO)

(/usr/share/texmf-texlive/tex/generic/oberdiek/intcalc.sty
Package: intcalc 2007/09/27 v1.1 Expandable integer calculations (HO)
)
(/usr/share/texmf-texlive/tex/generic/oberdiek/bigintcalc.sty
Package: bigintcalc 2007/11/11 v1.1 Expandable big integer calculations (HO)

(/usr/share/texmf-texlive/tex/generic/oberdiek/pdftexcmds.sty
Package: pdftexcmds 2009/09/23 v0.6 LuaTeX support for pdfTeX utility functions
 (HO)

(/usr/share/texmf-texlive/tex/generic/oberdiek/ifluatex.sty
Package: ifluatex 2009/04/17 v1.2 Provides the ifluatex switch (HO)
Package ifluatex Info: LuaTeX not detected.
)
(/usr/share/texmf-texlive/tex/generic/oberdiek/ltxcmds.sty
Package: ltxcmds 2009/08/05 v1.0 Some LaTeX kernel commands for general use (HO
)
)
Package pdftexcmds Info: LuaTeX not detected.
Package pdftexcmds Info: \pdf@primitive is available.
Package pdftexcmds Info: \pdf@ifprimitive is available.
)))
\Fld@menulength=\count120
\Field@Width=\dimen158
\Fld@charsize=\dimen159
\Field@toks=\toks23
Package hyperref Info: Hyper figures OFF on input line 4377.
Package hyperref Info: Link nesting OFF on input line 4382.
Package hyperref Info: Hyper index ON on input line 4385.
Package hyperref Info: backreferencing OFF on input line 4392.
Package hyperref Info: Link coloring OFF on input line 4397.
Package hyperref Info: Link coloring with OCG OFF on input line 4402.
Package hyperref Info: PDF/A mode OFF on input line 4407.

(/usr/share/texmf-texlive/tex/generic/oberdiek/atbegshi.sty
Package: atbegshi 2008/07/31 v1.9 At begin shipout hook (HO)
)
\Hy@abspage=\count121

Hyperref stopped early
)
*hyperref using default driver hpdftex*
(/usr/share/texmf-texlive/tex/latex/hyperref/hpdftex.def
File: hpdftex.def 2009/10/09 v6.79a Hyperref driver for pdfTeX
\Fld@listcount=\count122
)
(/usr/share/texmf/tex/latex/beamer/base/beamerbaserequires.sty
Package: beamerbaserequires 2010/05/01  (rcs-revision efa082c6111d)

(/usr/share/texmf/tex/latex/beamer/base/beamerbasecompatibility.sty
Package: beamerbasecompatibility 2010/07/12  (rcs-revision 6648c3177e4e)
)
(/usr/share/texmf/tex/latex/beamer/base/beamerbasefont.sty
Package: beamerbasefont 2010/05/10  (rcs-revision cd36e8a33c6b)

(/usr/share/texmf-texlive/tex/latex/amsfonts/amssymb.sty
Package: amssymb 2009/06/22 v3.00

(/usr/share/texmf-texlive/tex/latex/amsfonts/amsfonts.sty
Package: amsfonts 2009/06/22 v3.00 Basic AMSFonts support
\@emptytoks=\toks24
\symAMSa=\mathgroup4
\symAMSb=\mathgroup5
LaTeX Font Info:    Overwriting math alphabet `\mathfrak' in version `bold'
(Font)                  U/euf/m/n --> U/euf/b/n on input line 96.
)))
(/usr/share/texmf/tex/latex/beamer/base/beamerbasetranslator.sty
Package: beamerbasetranslator 2010/06/11  (rcs-revision 85fd1cc7fc42)

(/usr/share/texmf/tex/latex/beamer/base/translator/translator.sty
Package: translator 2010/06/12 ver 1.10

(/usr/share/texmf/tex/latex/beamer/base/translator/translator-language-mappings
.tex))) (/usr/share/texmf/tex/latex/beamer/base/beamerbasemisc.sty
Package: beamerbasemisc 2010/06/06  (rcs-revision bff0a9294b45)
)
(/usr/share/texmf/tex/latex/beamer/base/beamerbasetwoscreens.sty
Package: beamerbasetwoscreens 2010/05/01  (rcs-revision efa082c6111d)
)
(/usr/share/texmf/tex/latex/beamer/base/beamerbaseoverlay.sty
Package: beamerbaseoverlay 2010/05/07  (rcs-revision 5584dad462a9)
\beamer@argscount=\count123
\beamer@lastskipcover=\skip44
\beamer@trivlistdepth=\count124
)
(/usr/share/texmf/tex/latex/beamer/base/beamerbasetitle.sty
Package: beamerbasetitle 2010/06/12  (rcs-revision 717e481ca47a)
)
(/usr/share/texmf/tex/latex/beamer/base/beamerbasesection.sty
Package: beamerbasesection 2010/06/17  (rcs-revision e0d9401bb743)
\c@lecture=\count125
\c@part=\count126
\c@section=\count127
\c@subsection=\count128
\c@subsubsection=\count129
)
(/usr/share/texmf/tex/latex/beamer/base/beamerbaseframe.sty
Package: beamerbaseframe 2010/06/06  (rcs-revision bff0a9294b45)
\beamer@framebox=\box40
\beamer@frametitlebox=\box41
\beamer@zoombox=\box42
\beamer@zoomcount=\count130
\beamer@zoomframecount=\count131
\beamer@frametextheight=\dimen160
\c@subsectionslide=\count132
\beamer@frametopskip=\skip45
\beamer@framebottomskip=\skip46
\beamer@frametopskipautobreak=\skip47
\beamer@framebottomskipautobreak=\skip48
\beamer@envbody=\toks25
\c@framenumber=\count133
)
(/usr/share/texmf/tex/latex/beamer/base/beamerbaseverbatim.sty
Package: beamerbaseverbatim 2010/05/01  (rcs-revision efa082c6111d)
\beamer@verbatimfileout=\write4
)
(/usr/share/texmf/tex/latex/beamer/base/beamerbaseframesize.sty
Package: beamerbaseframesize 2010/06/27  (rcs-revision 6baa2d92e6f1)
\beamer@splitbox=\box43
\beamer@autobreakcount=\count134
\beamer@autobreaklastheight=\dimen161
\beamer@frametitletoks=\toks26
\beamer@framesubtitletoks=\toks27
)
(/usr/share/texmf/tex/latex/beamer/base/beamerbaseframecomponents.sty
Package: beamerbaseframecomponents 2010/07/12  (rcs-revision 09e82992d9b1)
\beamer@footins=\box44
)
(/usr/share/texmf/tex/latex/beamer/base/beamerbasecolor.sty
Package: beamerbasecolor 2010/06/06  (rcs-revision d1a9b48be06d)
)
(/usr/share/texmf/tex/latex/beamer/base/beamerbasenotes.sty
Package: beamerbasenotes 2010/05/01  (rcs-revision efa082c6111d)
\beamer@frameboxcopy=\box45
)
(/usr/share/texmf/tex/latex/beamer/base/beamerbasetoc.sty
Package: beamerbasetoc 2010/06/11  (rcs-revision 242ecaa6783b)
)
(/usr/share/texmf/tex/latex/beamer/base/beamerbasetemplates.sty
Package: beamerbasetemplates 2010/05/01  (rcs-revision efa082c6111d)
\beamer@sbttoks=\toks28

(/usr/share/texmf/tex/latex/beamer/base/beamerbaseauxtemplates.sty
Package: beamerbaseauxtemplates 2010/05/01  (rcs-revision efa082c6111d)

(/usr/share/texmf/tex/latex/beamer/base/beamerbaseboxes.sty
Package: beamerbaseboxes 2010/05/01  (rcs-revision efa082c6111d)
\bmb@box=\box46
\bmb@colorbox=\box47
\bmb@boxshadow=\box48
\bmb@boxshadowball=\box49
\bmb@boxshadowballlarge=\box50
\bmb@temp=\dimen162
\bmb@dima=\dimen163
\bmb@dimb=\dimen164
\bmb@prevheight=\dimen165
)
\beamer@blockheadheight=\dimen166
))
(/usr/share/texmf/tex/latex/beamer/base/beamerbaselocalstructure.sty
Package: beamerbaselocalstructure 2010/06/01  (rcs-revision 81f9e33f7cc2)

(/usr/share/texmf-texlive/tex/latex/tools/enumerate.sty
Package: enumerate 1999/03/05 v3.00 enumerate extensions (DPC)
\@enLab=\toks29
)
\c@figure=\count135
\c@table=\count136
\abovecaptionskip=\skip49
\belowcaptionskip=\skip50
)
(/usr/share/texmf/tex/latex/beamer/base/beamerbasenavigation.sty
Package: beamerbasenavigation 2010/05/01  (rcs-revision efa082c6111d)
)
(/usr/share/texmf/tex/latex/beamer/base/beamerbasetheorems.sty
Package: beamerbasetheorems 2010/06/06  (rcs-revision 7e7cc5e53e9d)

(/usr/share/texmf-texlive/tex/latex/amsmath/amsmath.sty
Package: amsmath 2000/07/18 v2.13 AMS math features
\@mathmargin=\skip51

For additional information on amsmath, use the `?' option.
(/usr/share/texmf-texlive/tex/latex/amsmath/amstext.sty
Package: amstext 2000/06/29 v2.01

(/usr/share/texmf-texlive/tex/latex/amsmath/amsgen.sty
File: amsgen.sty 1999/11/30 v2.0
\@emptytoks=\toks30
\ex@=\dimen167
))
(/usr/share/texmf-texlive/tex/latex/amsmath/amsbsy.sty
Package: amsbsy 1999/11/29 v1.2d
\pmbraise@=\dimen168
)
(/usr/share/texmf-texlive/tex/latex/amsmath/amsopn.sty
Package: amsopn 1999/12/14 v2.01 operator names
)
\inf@bad=\count137
LaTeX Info: Redefining \frac on input line 211.
\uproot@=\count138
\leftroot@=\count139
LaTeX Info: Redefining \overline on input line 307.
\classnum@=\count140
\DOTSCASE@=\count141
LaTeX Info: Redefining \ldots on input line 379.
LaTeX Info: Redefining \dots on input line 382.
LaTeX Info: Redefining \cdots on input line 467.
\Mathstrutbox@=\box51
\strutbox@=\box52
\big@size=\dimen169
LaTeX Font Info:    Redeclaring font encoding OML on input line 567.
LaTeX Font Info:    Redeclaring font encoding OMS on input line 568.
\macc@depth=\count142
\c@MaxMatrixCols=\count143
\dotsspace@=\muskip11
\c@parentequation=\count144
\dspbrk@lvl=\count145
\tag@help=\toks31
\row@=\count146
\column@=\count147
\maxfields@=\count148
\andhelp@=\toks32
\eqnshift@=\dimen170
\alignsep@=\dimen171
\tagshift@=\dimen172
\tagwidth@=\dimen173
\totwidth@=\dimen174
\lineht@=\dimen175
\@envbody=\toks33
\multlinegap=\skip52
\multlinetaggap=\skip53
\mathdisplay@stack=\toks34
LaTeX Info: Redefining \[ on input line 2666.
LaTeX Info: Redefining \] on input line 2667.
)
(/usr/share/texmf-texlive/tex/latex/amscls/amsthm.sty
Package: amsthm 2004/08/06 v2.20
\thm@style=\toks35
\thm@bodyfont=\toks36
\thm@headfont=\toks37
\thm@notefont=\toks38
\thm@headpunct=\toks39
\thm@preskip=\skip54
\thm@postskip=\skip55
\thm@headsep=\skip56
\dth@everypar=\toks40
)
\c@theorem=\count149
)
(/usr/share/texmf/tex/latex/beamer/base/beamerbasethemes.sty
Package: beamerbasethemes 2010/05/01  (rcs-revision efa082c6111d)
))
(/usr/share/texmf/tex/latex/beamer/base/themes/theme/beamerthemedefault.sty
Package: beamerthemedefault 2010/06/17  (rcs-revision d02a7cf4d8ae)

(/usr/share/texmf/tex/latex/beamer/base/themes/font/beamerfontthemedefault.sty
Package: beamerfontthemedefault 2010/06/17  (rcs-revision d02a7cf4d8ae)
)
(/usr/share/texmf/tex/latex/beamer/base/themes/color/beamercolorthemedefault.st
y
Package: beamercolorthemedefault 2010/06/17  (rcs-revision d02a7cf4d8ae)
)
(/usr/share/texmf/tex/latex/beamer/base/themes/inner/beamerinnerthemedefault.st
y
Package: beamerinnerthemedefault 2010/06/17  (rcs-revision d02a7cf4d8ae)
\beamer@dima=\dimen176
\beamer@dimb=\dimen177
)
(/usr/share/texmf/tex/latex/beamer/base/themes/outer/beamerouterthemedefault.st
y
Package: beamerouterthemedefault 2010/06/17  (rcs-revision d02a7cf4d8ae)
)))
(/usr/share/texmf/tex/latex/beamer/base/themes/theme/beamerthemeCambridgeUS.sty
Package: beamerthemeCambridgeUS 2010/06/17  (rcs-revision d02a7cf4d8ae)

(/usr/share/texmf/tex/latex/beamer/base/themes/inner/beamerinnerthemerounded.st
y
Package: beamerinnerthemerounded 2010/06/17  (rcs-revision d02a7cf4d8ae)
)
(/usr/share/texmf/tex/latex/beamer/base/themes/outer/beamerouterthemeinfolines.
sty
Package: beamerouterthemeinfolines 2010/07/10  (rcs-revision 445340293dde)
)
(/usr/share/texmf/tex/latex/beamer/base/themes/color/beamercolorthemebeaver.sty
Package: beamercolorthemebeaver 2010/06/17  (rcs-revision d02a7cf4d8ae)
))

! LaTeX Error: Two \documentclass or \documentstyle commands.

See the LaTeX manual or LaTeX Companion for explanation.
Type  H <return>  for immediate help.
 ...                                              
                                                  
l.7 \documentclass{
                   beamer}
The document may only declare one class.

(/usr/share/texmf-texlive/tex/latex/cite/chapterbib.sty
\c@inputfile=\count150
Package: chapterbib 2009/03/31  v 1.14
)
(/usr/share/texmf-texlive/tex/latex/tools/multicol.sty
Package: multicol 2008/12/05 v1.6h multicolumn formatting (FMi)
\c@tracingmulticols=\count151
\mult@box=\box53
\multicol@leftmargin=\dimen178
\c@unbalance=\count152
\c@collectmore=\count153
\doublecol@number=\count154
\multicoltolerance=\count155
\multicolpretolerance=\count156
\full@width=\dimen179
\page@free=\dimen180
\premulticols=\dimen181
\postmulticols=\dimen182
\multicolsep=\skip57
\multicolbaselineskip=\skip58
\partial@page=\box54
\last@line=\box55
\mult@rightbox=\box56
\mult@grightbox=\box57
\mult@gfirstbox=\box58
\mult@firstbox=\box59
\@tempa=\box60
\@tempa=\box61
\@tempa=\box62
\@tempa=\box63
\@tempa=\box64
\@tempa=\box65
\@tempa=\box66
\@tempa=\box67
\@tempa=\box68
\@tempa=\box69
\@tempa=\box70
\@tempa=\box71
\@tempa=\box72
\@tempa=\box73
\@tempa=\box74
\@tempa=\box75
\@tempa=\box76
\c@columnbadness=\count157
\c@finalcolumnbadness=\count158
\last@try=\dimen183
\multicolovershoot=\dimen184
\multicolundershoot=\dimen185
\mult@nat@firstbox=\box77
\colbreak@box=\box78
)

Package hyperref Warning: Token not allowed in a PDF string (PDFDocEncoding):
(hyperref)                \hskip 60.0pt
(hyperref)                replaced by space on input line 56.


Package hyperref Warning: Token not allowed in a PDF string (PDFDocEncoding):
(hyperref)                removing `\\' on input line 56.


Package hyperref Warning: Token not allowed in a PDF string (PDFDocEncoding):
(hyperref)                \hskip 60.0pt
(hyperref)                replaced by space on input line 56.


Package hyperref Warning: Token not allowed in a PDF string (PDFDocEncoding):
(hyperref)                removing `\\' on input line 56.


Package hyperref Warning: Token not allowed in a PDF string (PDFDocEncoding):
(hyperref)                \hskip 60.0pt
(hyperref)                replaced by space on input line 56.


Package hyperref Warning: Token not allowed in a PDF string (PDFDocEncoding):
(hyperref)                removing `\\' on input line 56.


Package hyperref Warning: Token not allowed in a PDF string (PDFDocEncoding):
(hyperref)                \hskip 50.0pt
(hyperref)                replaced by space on input line 56.


Package hyperref Warning: Token not allowed in a PDF string (PDFDocEncoding):
(hyperref)                removing `\\' on input line 56.


Package hyperref Warning: Token not allowed in a PDF string (PDFDocEncoding):
(hyperref)                \hskip 60.0pt
(hyperref)                replaced by space on input line 56.


Package hyperref Warning: Token not allowed in a PDF string (PDFDocEncoding):
(hyperref)                removing `\\' on input line 56.


Package hyperref Warning: Token not allowed in a PDF string (PDFDocEncoding):
(hyperref)                \hskip 20.0pt
(hyperref)                replaced by space on input line 56.


Package hyperref Warning: Token not allowed in a PDF string (PDFDocEncoding):
(hyperref)                removing `\\' on input line 56.


Package hyperref Warning: Token not allowed in a PDF string (PDFDocEncoding):
(hyperref)                \hskip 60.0pt
(hyperref)                replaced by space on input line 56.


Package hyperref Warning: Token not allowed in a PDF string (PDFDocEncoding):
(hyperref)                removing `\\' on input line 56.


Package hyperref Warning: Token not allowed in a PDF string (PDFDocEncoding):
(hyperref)                \hskip 40.0pt
(hyperref)                replaced by space on input line 56.

(./Grp1_Aadhar_Authen_Presentation_2013_06_30.aux)
\openout1 = `Grp1_Aadhar_Authen_Presentation_2013_06_30.aux'.

LaTeX Font Info:    Checking defaults for OML/cmm/m/it on input line 63.
LaTeX Font Info:    ... okay on input line 63.
LaTeX Font Info:    Checking defaults for T1/cmr/m/n on input line 63.
LaTeX Font Info:    ... okay on input line 63.
LaTeX Font Info:    Checking defaults for OT1/cmr/m/n on input line 63.
LaTeX Font Info:    ... okay on input line 63.
LaTeX Font Info:    Checking defaults for OMS/cmsy/m/n on input line 63.
LaTeX Font Info:    ... okay on input line 63.
LaTeX Font Info:    Checking defaults for OMX/cmex/m/n on input line 63.
LaTeX Font Info:    ... okay on input line 63.
LaTeX Font Info:    Checking defaults for U/cmr/m/n on input line 63.
LaTeX Font Info:    ... okay on input line 63.
LaTeX Font Info:    Checking defaults for PD1/pdf/m/n on input line 63.
LaTeX Font Info:    ... okay on input line 63.

*geometry auto-detecting driver*
*geometry detected driver: pdftex*
-------------------- Geometry parameters
paper: user defined
landscape: --
twocolumn: --
twoside: --
asymmetric: --
h-parts: 11.74988pt, 340.6956pt, 11.74988pt
v-parts: 0.0pt, 273.14662pt, 0.0pt
hmarginratio: --
vmarginratio: --
lines: --
heightrounded: --
bindingoffset: 0.0pt
truedimen: --
includehead: true
includefoot: true
includemp: --
driver: pdftex
-------------------- Page layout dimensions and switches
\paperwidth  364.19536pt
\paperheight 273.14662pt
\textwidth  340.6956pt
\textheight 244.6939pt
\oddsidemargin  -60.52011pt
\evensidemargin -60.52011pt
\topmargin  -72.26999pt
\headheight 14.22636pt
\headsep    0.0pt
\footskip   14.22636pt
\marginparwidth 4.0pt
\marginparsep   10.0pt
\columnsep  10.0pt
\skip\footins  10.8pt plus 4.0pt minus 2.0pt
\hoffset 0.0pt
\voffset 0.0pt
\mag 1000

(1in=72.27pt, 1cm=28.45pt)
-----------------------
(/usr/share/texmf-texlive/tex/context/base/supp-pdf.mkii
[Loading MPS to PDF converter (version 2006.09.02).]
\scratchcounter=\count159
\scratchdimen=\dimen186
\scratchbox=\box79
\nofMPsegments=\count160
\nofMParguments=\count161
\everyMPshowfont=\toks41
\MPscratchCnt=\count162
\MPscratchDim=\dimen187
\MPnumerator=\count163
\everyMPtoPDFconversion=\toks42
) ABD: EveryShipout initializing macros
Package hyperref Info: Link coloring OFF on input line 63.

(/usr/share/texmf-texlive/tex/latex/hyperref/nameref.sty
Package: nameref 2007/05/29 v2.31 Cross-referencing by name of section

(/usr/share/texmf-texlive/tex/latex/oberdiek/refcount.sty
Package: refcount 2008/08/11 v3.1 Data extraction from references (HO)
)
\c@section@level=\count164
)
LaTeX Info: Redefining \ref on input line 63.
LaTeX Info: Redefining \pageref on input line 63.

(./Grp1_Aadhar_Authen_Presentation_2013_06_30.out)
(./Grp1_Aadhar_Authen_Presentation_2013_06_30.out)
\@outlinefile=\write5
\openout5 = `Grp1_Aadhar_Authen_Presentation_2013_06_30.out'.

\AtBeginShipoutBox=\box80
LaTeX Font Info:    Overwriting symbol font `operators' in version `normal'
(Font)                  OT1/cmr/m/n --> OT1/cmss/m/n on input line 63.
LaTeX Font Info:    Overwriting symbol font `operators' in version `bold'
(Font)                  OT1/cmr/bx/n --> OT1/cmss/bx/n on input line 63.
\symnumbers=\mathgroup6
\sympureletters=\mathgroup7
LaTeX Font Info:    Overwriting math alphabet `\mathrm' in version `normal'
(Font)                  OT1/cmss/m/n --> OT1/cmr/m/n on input line 63.
LaTeX Font Info:    Redeclaring math alphabet \mathbf on input line 63.
LaTeX Font Info:    Overwriting math alphabet `\mathbf' in version `normal'
(Font)                  OT1/cmr/bx/n --> OT1/cmss/bx/n on input line 63.
LaTeX Font Info:    Overwriting math alphabet `\mathbf' in version `bold'
(Font)                  OT1/cmr/bx/n --> OT1/cmss/bx/n on input line 63.
LaTeX Font Info:    Redeclaring math alphabet \mathsf on input line 63.
LaTeX Font Info:    Overwriting math alphabet `\mathsf' in version `normal'
(Font)                  OT1/cmss/m/n --> OT1/cmss/m/n on input line 63.
LaTeX Font Info:    Overwriting math alphabet `\mathsf' in version `bold'
(Font)                  OT1/cmss/bx/n --> OT1/cmss/m/n on input line 63.
LaTeX Font Info:    Redeclaring math alphabet \mathit on input line 63.
LaTeX Font Info:    Overwriting math alphabet `\mathit' in version `normal'
(Font)                  OT1/cmr/m/it --> OT1/cmss/m/it on input line 63.
LaTeX Font Info:    Overwriting math alphabet `\mathit' in version `bold'
(Font)                  OT1/cmr/bx/it --> OT1/cmss/m/it on input line 63.
LaTeX Font Info:    Redeclaring math alphabet \mathtt on input line 63.
LaTeX Font Info:    Overwriting math alphabet `\mathtt' in version `normal'
(Font)                  OT1/cmtt/m/n --> OT1/cmtt/m/n on input line 63.
LaTeX Font Info:    Overwriting math alphabet `\mathtt' in version `bold'
(Font)                  OT1/cmtt/m/n --> OT1/cmtt/m/n on input line 63.
LaTeX Font Info:    Overwriting symbol font `numbers' in version `bold'
(Font)                  OT1/cmss/m/n --> OT1/cmss/bx/n on input line 63.
LaTeX Font Info:    Overwriting symbol font `pureletters' in version `bold'
(Font)                  OT1/cmss/m/it --> OT1/cmss/bx/it on input line 63.
LaTeX Font Info:    Overwriting math alphabet `\mathrm' in version `bold'
(Font)                  OT1/cmss/bx/n --> OT1/cmr/bx/n on input line 63.
LaTeX Font Info:    Overwriting math alphabet `\mathbf' in version `bold'
(Font)                  OT1/cmss/bx/n --> OT1/cmss/bx/n on input line 63.
LaTeX Font Info:    Overwriting math alphabet `\mathsf' in version `bold'
(Font)                  OT1/cmss/m/n --> OT1/cmss/bx/n on input line 63.
LaTeX Font Info:    Overwriting math alphabet `\mathit' in version `bold'
(Font)                  OT1/cmss/m/it --> OT1/cmss/bx/it on input line 63.
LaTeX Font Info:    Overwriting math alphabet `\mathtt' in version `bold'
(Font)                  OT1/cmtt/m/n --> OT1/cmtt/bx/n on input line 63.

(/usr/share/texmf/tex/latex/beamer/base/translator/dicts/translator-basic-dicti
onary/translator-basic-dictionary-English.dict
Dictionary: translator-basic-dictionary, Language: English 
)
(/usr/share/texmf/tex/latex/beamer/base/translator/dicts/translator-bibliograph
y-dictionary/translator-bibliography-dictionary-English.dict
Dictionary: translator-bibliography-dictionary, Language: English 
)
(/usr/share/texmf/tex/latex/beamer/base/translator/dicts/translator-environment
-dictionary/translator-environment-dictionary-English.dict
Dictionary: translator-environment-dictionary, Language: English 
)
(/usr/share/texmf/tex/latex/beamer/base/translator/dicts/translator-months-dict
ionary/translator-months-dictionary-English.dict
Dictionary: translator-months-dictionary, Language: English 
)
(/usr/share/texmf/tex/latex/beamer/base/translator/dicts/translator-numbers-dic
tionary/translator-numbers-dictionary-English.dict
Dictionary: translator-numbers-dictionary, Language: English 
)
(/usr/share/texmf/tex/latex/beamer/base/translator/dicts/translator-theorem-dic
tionary/translator-theorem-dictionary-English.dict
Dictionary: translator-theorem-dictionary, Language: English 
)
(./Grp1_Aadhar_Authen_Presentation_2013_06_30.nav)
Overfull \hbox (795.6867pt too wide) in paragraph at lines 63--63
 [][]  \OT1/cmss/m/n/6 ([])  
 []

! Missing } inserted.
<inserted text> 
                }
l.63 \begin{document}
                     
I've inserted something that you may have forgotten.
(See the <inserted text> above.)
With luck, this will get me unwedged. But if you
really didn't forget anything, try typing `2' now; then
my insertion and my current dilemma will both disappear.

! Extra }, or forgotten \endgroup.
\endbeamercolorbox ...eps \fi \fi \egroup \egroup 
                                                  \wd \beamer@tempbox =\hsiz...
l.63 \begin{document}
                     
I've deleted a group-closing symbol because it seems to be
spurious, as in `$x}$'. But perhaps the } is legitimate and
you forgot something else, as in `\hbox{$x}'. In such cases
the way to recover is to insert both the forgotten and the
deleted material, e.g., by typing `I$}'.

<./dj.jpg, id=82, 237.88875pt x 213.79875pt>
File: ./dj.jpg Graphic file (type jpg)
 <use ./dj.jpg>
<./nitc.jpg, id=83, 204.765pt x 247.92625pt>
File: ./nitc.jpg Graphic file (type jpg)
 <use ./nitc.jpg>
<./t.jpg, id=84, 332.24126pt x 152.57pt>
File: ./t.jpg Graphic file (type jpg)
 <use ./t.jpg>
<./vnit.jpg, id=85, 240.9pt x 180.675pt>
File: ./vnit.jpg Graphic file (type jpg)
 <use ./vnit.jpg>
<./111.jpg, id=86, 173.448pt x 180.675pt>
File: ./111.jpg Graphic file (type jpg)
 <use ./111.jpg>
<1234567.jpg, id=87, 2055.68pt x 1370.11874pt>
File: 1234567.jpg Graphic file (type jpg)
 <use 1234567.jpg>

LaTeX Font Warning: Font shape `OT1/cmss/m/n' in size <4> not available
(Font)              size <5> substituted on input line 78.


Overfull \hbox (795.6867pt too wide) has occurred while \output is active
 [][]  \OT1/cmss/m/n/6 ([])  
 []

! Missing } inserted.
<inserted text> 
                }
l.78  \end{frame}
                 
I've inserted something that you may have forgotten.
(See the <inserted text> above.)
With luck, this will get me unwedged. But if you
really didn't forget anything, try typing `2' now; then
my insertion and my current dilemma will both disappear.

! Extra }, or forgotten \endgroup.
\endbeamercolorbox ...eps \fi \fi \egroup \egroup 
                                                  \wd \beamer@tempbox =\hsiz...
l.78  \end{frame}
                 
I've deleted a group-closing symbol because it seems to be
spurious, as in `$x}$'. But perhaps the } is legitimate and
you forgot something else, as in `\hbox{$x}'. In such cases
the way to recover is to insert both the forgotten and the
deleted material, e.g., by typing `I$}'.

[1

{/var/lib/texmf/fonts/map/pdftex/updmap/pdftex.map} <./1234567.jpg> <./dj.jpg> 
<./nitc.jpg> <./t.jpg> <./vnit.jpg> <./111.jpg>]
(./Grp1_Aadhar_Authen_Presentation_2013_06_30.toc)
File: 1234567.jpg Graphic file (type jpg)
 <use 1234567.jpg>
Overfull \hbox (795.6867pt too wide) has occurred while \output is active
 [][]  \OT1/cmss/m/n/6 ([])  
 []

! Missing } inserted.
<inserted text> 
                }
l.86 \end{frame}
                
I've inserted something that you may have forgotten.
(See the <inserted text> above.)
With luck, this will get me unwedged. But if you
really didn't forget anything, try typing `2' now; then
my insertion and my current dilemma will both disappear.

! Extra }, or forgotten \endgroup.
\endbeamercolorbox ...eps \fi \fi \egroup \egroup 
                                                  \wd \beamer@tempbox =\hsiz...
l.86 \end{frame}
                
I've deleted a group-closing symbol because it seems to be
spurious, as in `$x}$'. But perhaps the } is legitimate and
you forgot something else, as in `\hbox{$x}'. In such cases
the way to recover is to insert both the forgotten and the
deleted material, e.g., by typing `I$}'.

[2

]
Missing character: There is no â in font cmss12!
Missing character: There is no € in font cmss12!
Missing character: There is no ™ in font cmss12!
Missing character: There is no â in font cmss12!
Missing character: There is no € in font cmss12!
Missing character: There is no ™ in font cmss12!
File: 1234567.jpg Graphic file (type jpg)
 <use 1234567.jpg>
Overfull \hbox (795.6867pt too wide) has occurred while \output is active
 [][]  \OT1/cmss/m/n/6 ([])  
 []

! Missing } inserted.
<inserted text> 
                }
l.97 \end{frame}
                
I've inserted something that you may have forgotten.
(See the <inserted text> above.)
With luck, this will get me unwedged. But if you
really didn't forget anything, try typing `2' now; then
my insertion and my current dilemma will both disappear.

! Extra }, or forgotten \endgroup.
\endbeamercolorbox ...eps \fi \fi \egroup \egroup 
                                                  \wd \beamer@tempbox =\hsiz...
l.97 \end{frame}
                
I've deleted a group-closing symbol because it seems to be
spurious, as in `$x}$'. But perhaps the } is legitimate and
you forgot something else, as in `\hbox{$x}'. In such cases
the way to recover is to insert both the forgotten and the
deleted material, e.g., by typing `I$}'.

[3

] <./ft.jpg, id=218, 389.455pt x 351.3125pt>
File: ./ft.jpg Graphic file (type jpg)
 <use ./ft.jpg>
Overfull \vbox (13.41124pt too high) detected at line 115
 []

File: 1234567.jpg Graphic file (type jpg)
<use 1234567.jpg>
Overfull \hbox (795.6867pt too wide) has occurred while \output is active
 [][]  \OT1/cmss/m/n/6 ([])  
 []

! Missing } inserted.
<inserted text> 
                }
l.115  \end{frame}
                  
I've inserted something that you may have forgotten.
(See the <inserted text> above.)
With luck, this will get me unwedged. But if you
really didn't forget anything, try typing `2' now; then
my insertion and my current dilemma will both disappear.

! Extra }, or forgotten \endgroup.
\endbeamercolorbox ...eps \fi \fi \egroup \egroup 
                                                  \wd \beamer@tempbox =\hsiz...
l.115  \end{frame}
                  
I've deleted a group-closing symbol because it seems to be
spurious, as in `$x}$'. But perhaps the } is legitimate and
you forgot something else, as in `\hbox{$x}'. In such cases
the way to recover is to insert both the forgotten and the
deleted material, e.g., by typing `I$}'.

[4

 <./ft.jpg>] <./oa.jpg, id=246, 1451.4225pt x 977.6525pt>
File: ./oa.jpg Graphic file (type jpg)
 <use ./oa.jpg>
Overfull \vbox (15.19579pt too high) detected at line 126
 []

File: 1234567.jpg Graphic file (type jpg)
<use 1234567.jpg>
Overfull \hbox (795.6867pt too wide) has occurred while \output is active
 [][]  \OT1/cmss/m/n/6 ([])  
 []

! Missing } inserted.
<inserted text> 
                }
l.126 \end{frame}
                 
I've inserted something that you may have forgotten.
(See the <inserted text> above.)
With luck, this will get me unwedged. But if you
really didn't forget anything, try typing `2' now; then
my insertion and my current dilemma will both disappear.

! Extra }, or forgotten \endgroup.
\endbeamercolorbox ...eps \fi \fi \egroup \egroup 
                                                  \wd \beamer@tempbox =\hsiz...
l.126 \end{frame}
                 
I've deleted a group-closing symbol because it seems to be
spurious, as in `$x}$'. But perhaps the } is legitimate and
you forgot something else, as in `\hbox{$x}'. In such cases
the way to recover is to insert both the forgotten and the
deleted material, e.g., by typing `I$}'.

[5

 <./oa.jpg>]
File: 1234567.jpg Graphic file (type jpg)
 <use 1234567.jpg>
Overfull \hbox (795.6867pt too wide) has occurred while \output is active
 [][]  \OT1/cmss/m/n/6 ([])  
 []

! Missing } inserted.
<inserted text> 
                }
l.141 \end{frame}
                 
I've inserted something that you may have forgotten.
(See the <inserted text> above.)
With luck, this will get me unwedged. But if you
really didn't forget anything, try typing `2' now; then
my insertion and my current dilemma will both disappear.

! Extra }, or forgotten \endgroup.
\endbeamercolorbox ...eps \fi \fi \egroup \egroup 
                                                  \wd \beamer@tempbox =\hsiz...
l.141 \end{frame}
                 
I've deleted a group-closing symbol because it seems to be
spurious, as in `$x}$'. But perhaps the } is legitimate and
you forgot something else, as in `\hbox{$x}'. In such cases
the way to recover is to insert both the forgotten and the
deleted material, e.g., by typing `I$}'.

[6

] <./sv.jpg, id=302, 3276.24pt x 2457.18pt>
File: ./sv.jpg Graphic file (type jpg)
 <use ./sv.jpg>
<./tp.jpg, id=303, 2457.18pt x 3276.24pt>
File: ./tp.jpg Graphic file (type jpg)
 <use ./tp.jpg>
File: 1234567.jpg Graphic file (type jpg)
 <use 1234567.jpg>
Overfull \hbox (795.6867pt too wide) has occurred while \output is active
 [][]  \OT1/cmss/m/n/6 ([])  
 []

! Missing } inserted.
<inserted text> 
                }
l.163 \end{frame}
                 
I've inserted something that you may have forgotten.
(See the <inserted text> above.)
With luck, this will get me unwedged. But if you
really didn't forget anything, try typing `2' now; then
my insertion and my current dilemma will both disappear.

! Extra }, or forgotten \endgroup.
\endbeamercolorbox ...eps \fi \fi \egroup \egroup 
                                                  \wd \beamer@tempbox =\hsiz...
l.163 \end{frame}
                 
I've deleted a group-closing symbol because it seems to be
spurious, as in `$x}$'. But perhaps the } is legitimate and
you forgot something else, as in `\hbox{$x}'. In such cases
the way to recover is to insert both the forgotten and the
deleted material, e.g., by typing `I$}'.

[7

 <./sv.jpg> <./tp.jpg>]
Missing character: There is no â in font cmss12!
Missing character: There is no € in font cmss12!
Missing character: There is no “ in font cmss12!
File: 1234567.jpg Graphic file (type jpg)
 <use 1234567.jpg>
Overfull \hbox (795.6867pt too wide) has occurred while \output is active
 [][]  \OT1/cmss/m/n/6 ([])  
 []

! Missing } inserted.
<inserted text> 
                }
l.178 \end{frame}
                 
I've inserted something that you may have forgotten.
(See the <inserted text> above.)
With luck, this will get me unwedged. But if you
really didn't forget anything, try typing `2' now; then
my insertion and my current dilemma will both disappear.

! Extra }, or forgotten \endgroup.
\endbeamercolorbox ...eps \fi \fi \egroup \egroup 
                                                  \wd \beamer@tempbox =\hsiz...
l.178 \end{frame}
                 
I've deleted a group-closing symbol because it seems to be
spurious, as in `$x}$'. But perhaps the } is legitimate and
you forgot something else, as in `\hbox{$x}'. In such cases
the way to recover is to insert both the forgotten and the
deleted material, e.g., by typing `I$}'.

[8

] <./ftir.jpg, id=358, 298.11375pt x 170.6375pt>
File: ./ftir.jpg Graphic file (type jpg)
 <use ./ftir.jpg>
Overfull \vbox (10.8124pt too high) detected at line 193
 []

File: 1234567.jpg Graphic file (type jpg)
<use 1234567.jpg>
Overfull \hbox (795.6867pt too wide) has occurred while \output is active
 [][]  \OT1/cmss/m/n/6 ([])  
 []

! Missing } inserted.
<inserted text> 
                }
l.193 \end{frame}
                 
I've inserted something that you may have forgotten.
(See the <inserted text> above.)
With luck, this will get me unwedged. But if you
really didn't forget anything, try typing `2' now; then
my insertion and my current dilemma will both disappear.

! Extra }, or forgotten \endgroup.
\endbeamercolorbox ...eps \fi \fi \egroup \egroup 
                                                  \wd \beamer@tempbox =\hsiz...
l.193 \end{frame}
                 
I've deleted a group-closing symbol because it seems to be
spurious, as in `$x}$'. But perhaps the } is legitimate and
you forgot something else, as in `\hbox{$x}'. In such cases
the way to recover is to insert both the forgotten and the
deleted material, e.g., by typing `I$}'.

[9

 <./ftir.jpg>] <./wf.jpg, id=385, 779.91376pt x 308.15125pt>
File: ./wf.jpg Graphic file (type jpg)
 <use ./wf.jpg>
Overfull \hbox (0.73746pt too wide) in paragraph at lines 219--219
 [] 
 []

File: 1234567.jpg Graphic file (type jpg)
<use 1234567.jpg>
Overfull \hbox (795.6867pt too wide) has occurred while \output is active
 [][]  \OT1/cmss/m/n/6 ([])  
 []

! Missing } inserted.
<inserted text> 
                }
l.219 \end{frame}
                 
I've inserted something that you may have forgotten.
(See the <inserted text> above.)
With luck, this will get me unwedged. But if you
really didn't forget anything, try typing `2' now; then
my insertion and my current dilemma will both disappear.

! Extra }, or forgotten \endgroup.
\endbeamercolorbox ...eps \fi \fi \egroup \egroup 
                                                  \wd \beamer@tempbox =\hsiz...
l.219 \end{frame}
                 
I've deleted a group-closing symbol because it seems to be
spurious, as in `$x}$'. But perhaps the } is legitimate and
you forgot something else, as in `\hbox{$x}'. In such cases
the way to recover is to insert both the forgotten and the
deleted material, e.g., by typing `I$}'.

[10

 <./wf.jpg>]
File: 1234567.jpg Graphic file (type jpg)
 <use 1234567.jpg>
Overfull \hbox (795.6867pt too wide) has occurred while \output is active
 [][]  \OT1/cmss/m/n/6 ([])  
 []

! Missing } inserted.
<inserted text> 
                }
l.231 \end{frame}
                 
I've inserted something that you may have forgotten.
(See the <inserted text> above.)
With luck, this will get me unwedged. But if you
really didn't forget anything, try typing `2' now; then
my insertion and my current dilemma will both disappear.

! Extra }, or forgotten \endgroup.
\endbeamercolorbox ...eps \fi \fi \egroup \egroup 
                                                  \wd \beamer@tempbox =\hsiz...
l.231 \end{frame}
                 
I've deleted a group-closing symbol because it seems to be
spurious, as in `$x}$'. But perhaps the } is legitimate and
you forgot something else, as in `\hbox{$x}'. In such cases
the way to recover is to insert both the forgotten and the
deleted material, e.g., by typing `I$}'.

[11

]
File: 1234567.jpg Graphic file (type jpg)
 <use 1234567.jpg>
Overfull \hbox (795.6867pt too wide) has occurred while \output is active
 [][]  \OT1/cmss/m/n/6 ([])  
 []

! Missing } inserted.
<inserted text> 
                }
l.244 \end{frame}
                 
I've inserted something that you may have forgotten.
(See the <inserted text> above.)
With luck, this will get me unwedged. But if you
really didn't forget anything, try typing `2' now; then
my insertion and my current dilemma will both disappear.

! Extra }, or forgotten \endgroup.
\endbeamercolorbox ...eps \fi \fi \egroup \egroup 
                                                  \wd \beamer@tempbox =\hsiz...
l.244 \end{frame}
                 
I've deleted a group-closing symbol because it seems to be
spurious, as in `$x}$'. But perhaps the } is legitimate and
you forgot something else, as in `\hbox{$x}'. In such cases
the way to recover is to insert both the forgotten and the
deleted material, e.g., by typing `I$}'.

[12

] <./ah.jpg, id=466, 295.1025pt x 276.03125pt>
File: ./ah.jpg Graphic file (type jpg)
 <use ./ah.jpg>
File: 1234567.jpg Graphic file (type jpg)

<use 1234567.jpg>
Overfull \hbox (795.6867pt too wide) has occurred while \output is active
 [][]  \OT1/cmss/m/n/6 ([])  
 []

! Missing } inserted.
<inserted text> 
                }
l.262 \end{frame}
                 
I've inserted something that you may have forgotten.
(See the <inserted text> above.)
With luck, this will get me unwedged. But if you
really didn't forget anything, try typing `2' now; then
my insertion and my current dilemma will both disappear.

! Extra }, or forgotten \endgroup.
\endbeamercolorbox ...eps \fi \fi \egroup \egroup 
                                                  \wd \beamer@tempbox =\hsiz...
l.262 \end{frame}
                 
I've deleted a group-closing symbol because it seems to be
spurious, as in `$x}$'. But perhaps the } is legitimate and
you forgot something else, as in `\hbox{$x}'. In such cases
the way to recover is to insert both the forgotten and the
deleted material, e.g., by typing `I$}'.

[13

 <./ah.jpg>] <./ah1.jpg, id=496, 301.125pt x 200.75pt>
File: ./ah1.jpg Graphic file (type jpg)
 <use ./ah1.jpg>
<./ah3.jpg, id=497, 562.1pt x 421.575pt>
File: ./ah3.jpg Graphic file (type jpg)
 <use ./ah3.jpg>
<./ah2.jpg, id=498, 367.3725pt x 367.3725pt>
File: ./ah2.jpg Graphic file (type jpg)
 <use ./ah2.jpg>
<./ah4.jpg, id=499, 465.74pt x 287.0725pt>
File: ./ah4.jpg Graphic file (type jpg)
 <use ./ah4.jpg>
File: 1234567.jpg Graphic file (type jpg)
 <use 1234567.jpg>
Overfull \hbox (795.6867pt too wide) has occurred while \output is active
 [][]  \OT1/cmss/m/n/6 ([])  
 []

! Missing } inserted.
<inserted text> 
                }
l.302 \end{frame}
                 
I've inserted something that you may have forgotten.
(See the <inserted text> above.)
With luck, this will get me unwedged. But if you
really didn't forget anything, try typing `2' now; then
my insertion and my current dilemma will both disappear.

! Extra }, or forgotten \endgroup.
\endbeamercolorbox ...eps \fi \fi \egroup \egroup 
                                                  \wd \beamer@tempbox =\hsiz...
l.302 \end{frame}
                 
I've deleted a group-closing symbol because it seems to be
spurious, as in `$x}$'. But perhaps the } is legitimate and
you forgot something else, as in `\hbox{$x}'. In such cases
the way to recover is to insert both the forgotten and the
deleted material, e.g., by typing `I$}'.

[14

 <./ah1.jpg> <./ah3.jpg> <./ah2.jpg> <./ah4.jpg>]
Missing character: There is no â in font cmss12!
Missing character: There is no € in font cmss12!
Missing character: There is no ¦ in font cmss12!
File: 1234567.jpg Graphic file (type jpg)
 <use 1234567.jpg>
Overfull \hbox (795.6867pt too wide) has occurred while \output is active
 [][]  \OT1/cmss/m/n/6 ([])  
 []

! Missing } inserted.
<inserted text> 
                }
l.320 \end{frame}
                 
I've inserted something that you may have forgotten.
(See the <inserted text> above.)
With luck, this will get me unwedged. But if you
really didn't forget anything, try typing `2' now; then
my insertion and my current dilemma will both disappear.

! Extra }, or forgotten \endgroup.
\endbeamercolorbox ...eps \fi \fi \egroup \egroup 
                                                  \wd \beamer@tempbox =\hsiz...
l.320 \end{frame}
                 
I've deleted a group-closing symbol because it seems to be
spurious, as in `$x}$'. But perhaps the } is legitimate and
you forgot something else, as in `\hbox{$x}'. In such cases
the way to recover is to insert both the forgotten and the
deleted material, e.g., by typing `I$}'.

[15

] <./th22.jpg, id=555, 301.125pt x 200.75pt>
File: ./th22.jpg Graphic file (type jpg)
 <use ./th22.jpg>
<./th24.jpg, id=556, 562.1pt x 421.575pt>
File: ./th24.jpg Graphic file (type jpg)
 <use ./th24.jpg>
<./th23.jpg, id=557, 301.125pt x 200.75pt>
File: ./th23.jpg Graphic file (type jpg)
 <use ./th23.jpg>
<./th25.jpg, id=558, 465.74pt x 287.0725pt>
File: ./th25.jpg Graphic file (type jpg)
 <use ./th25.jpg>
File: 1234567.jpg Graphic file (type jpg)
 <use 1234567.jpg>
Overfull \hbox (795.6867pt too wide) has occurred while \output is active
 [][]  \OT1/cmss/m/n/6 ([])  
 []

! Missing } inserted.
<inserted text> 
                }
l.356 \end{frame}
                 
I've inserted something that you may have forgotten.
(See the <inserted text> above.)
With luck, this will get me unwedged. But if you
really didn't forget anything, try typing `2' now; then
my insertion and my current dilemma will both disappear.

! Extra }, or forgotten \endgroup.
\endbeamercolorbox ...eps \fi \fi \egroup \egroup 
                                                  \wd \beamer@tempbox =\hsiz...
l.356 \end{frame}
                 
I've deleted a group-closing symbol because it seems to be
spurious, as in `$x}$'. But perhaps the } is legitimate and
you forgot something else, as in `\hbox{$x}'. In such cases
the way to recover is to insert both the forgotten and the
deleted material, e.g., by typing `I$}'.

[16

 <./th22.jpg> <./th24.jpg> <./th23.jpg> <./th25.jpg>]
File: 1234567.jpg Graphic file (type jpg)
 <use 1234567.jpg>
Overfull \hbox (795.6867pt too wide) has occurred while \output is active
 [][]  \OT1/cmss/m/n/6 ([])  
 []

! Missing } inserted.
<inserted text> 
                }
l.369 \end{frame}
                 
I've inserted something that you may have forgotten.
(See the <inserted text> above.)
With luck, this will get me unwedged. But if you
really didn't forget anything, try typing `2' now; then
my insertion and my current dilemma will both disappear.

! Extra }, or forgotten \endgroup.
\endbeamercolorbox ...eps \fi \fi \egroup \egroup 
                                                  \wd \beamer@tempbox =\hsiz...
l.369 \end{frame}
                 
I've deleted a group-closing symbol because it seems to be
spurious, as in `$x}$'. But perhaps the } is legitimate and
you forgot something else, as in `\hbox{$x}'. In such cases
the way to recover is to insert both the forgotten and the
deleted material, e.g., by typing `I$}'.

[17

]
File: 1234567.jpg Graphic file (type jpg)
 <use 1234567.jpg>
Overfull \hbox (795.6867pt too wide) has occurred while \output is active
 [][]  \OT1/cmss/m/n/6 ([])  
 []

! Missing } inserted.
<inserted text> 
                }
l.383 \end{frame}
                 
I've inserted something that you may have forgotten.
(See the <inserted text> above.)
With luck, this will get me unwedged. But if you
really didn't forget anything, try typing `2' now; then
my insertion and my current dilemma will both disappear.

! Extra }, or forgotten \endgroup.
\endbeamercolorbox ...eps \fi \fi \egroup \egroup 
                                                  \wd \beamer@tempbox =\hsiz...
l.383 \end{frame}
                 
I've deleted a group-closing symbol because it seems to be
spurious, as in `$x}$'. But perhaps the } is legitimate and
you forgot something else, as in `\hbox{$x}'. In such cases
the way to recover is to insert both the forgotten and the
deleted material, e.g., by typing `I$}'.

[18

] <./sh1.jpg, id=643, 301.125pt x 200.75pt>
File: ./sh1.jpg Graphic file (type jpg)
 <use ./sh1.jpg>
<./sh3.jpg, id=644, 465.74pt x 287.0725pt>
File: ./sh3.jpg Graphic file (type jpg)
 <use ./sh3.jpg>
<./sh2.jpg, id=645, 301.125pt x 200.75pt>
File: ./sh2.jpg Graphic file (type jpg)
 <use ./sh2.jpg>
<./sh4.jpg, id=646, 562.1pt x 421.575pt>
File: ./sh4.jpg Graphic file (type jpg)
 <use ./sh4.jpg>
File: 1234567.jpg Graphic file (type jpg)
 <use 1234567.jpg>
Overfull \hbox (795.6867pt too wide) has occurred while \output is active
 [][]  \OT1/cmss/m/n/6 ([])  
 []

! Missing } inserted.
<inserted text> 
                }
l.420 \end{frame}
                 
I've inserted something that you may have forgotten.
(See the <inserted text> above.)
With luck, this will get me unwedged. But if you
really didn't forget anything, try typing `2' now; then
my insertion and my current dilemma will both disappear.

! Extra }, or forgotten \endgroup.
\endbeamercolorbox ...eps \fi \fi \egroup \egroup 
                                                  \wd \beamer@tempbox =\hsiz...
l.420 \end{frame}
                 
I've deleted a group-closing symbol because it seems to be
spurious, as in `$x}$'. But perhaps the } is legitimate and
you forgot something else, as in `\hbox{$x}'. In such cases
the way to recover is to insert both the forgotten and the
deleted material, e.g., by typing `I$}'.

[19

 <./sh1.jpg> <./sh3.jpg> <./sh2.jpg> <./sh4.jpg>]
File: 1234567.jpg Graphic file (type jpg)
 <use 1234567.jpg>
Overfull \hbox (795.6867pt too wide) has occurred while \output is active
 [][]  \OT1/cmss/m/n/6 ([])  
 []

! Missing } inserted.
<inserted text> 
                }
l.430 \end{frame}
                 
I've inserted something that you may have forgotten.
(See the <inserted text> above.)
With luck, this will get me unwedged. But if you
really didn't forget anything, try typing `2' now; then
my insertion and my current dilemma will both disappear.

! Extra }, or forgotten \endgroup.
\endbeamercolorbox ...eps \fi \fi \egroup \egroup 
                                                  \wd \beamer@tempbox =\hsiz...
l.430 \end{frame}
                 
I've deleted a group-closing symbol because it seems to be
spurious, as in `$x}$'. But perhaps the } is legitimate and
you forgot something else, as in `\hbox{$x}'. In such cases
the way to recover is to insert both the forgotten and the
deleted material, e.g., by typing `I$}'.

[20

] <./thin.jpg, id=703, 319.94531pt x 181.42781pt>
File: ./thin.jpg Graphic file (type jpg)
 <use ./thin.jpg>
File: 1234567.jpg Graphic file (type jpg)

<use 1234567.jpg>
Overfull \hbox (795.6867pt too wide) has occurred while \output is active
 [][]  \OT1/cmss/m/n/6 ([])  
 []

! Missing } inserted.
<inserted text> 
                }
l.441 \end{frame}
                 
I've inserted something that you may have forgotten.
(See the <inserted text> above.)
With luck, this will get me unwedged. But if you
really didn't forget anything, try typing `2' now; then
my insertion and my current dilemma will both disappear.

! Extra }, or forgotten \endgroup.
\endbeamercolorbox ...eps \fi \fi \egroup \egroup 
                                                  \wd \beamer@tempbox =\hsiz...
l.441 \end{frame}
                 
I've deleted a group-closing symbol because it seems to be
spurious, as in `$x}$'. But perhaps the } is legitimate and
you forgot something else, as in `\hbox{$x}'. In such cases
the way to recover is to insert both the forgotten and the
deleted material, e.g., by typing `I$}'.

[21

 <./thin.jpg (PNG copy)>]
File: 1234567.jpg Graphic file (type jpg)
 <use 1234567.jpg>
Overfull \hbox (795.6867pt too wide) has occurred while \output is active
 [][]  \OT1/cmss/m/n/6 ([])  
 []

! Missing } inserted.
<inserted text> 
                }
l.453 \end{frame}
                 
I've inserted something that you may have forgotten.
(See the <inserted text> above.)
With luck, this will get me unwedged. But if you
really didn't forget anything, try typing `2' now; then
my insertion and my current dilemma will both disappear.

! Extra }, or forgotten \endgroup.
\endbeamercolorbox ...eps \fi \fi \egroup \egroup 
                                                  \wd \beamer@tempbox =\hsiz...
l.453 \end{frame}
                 
I've deleted a group-closing symbol because it seems to be
spurious, as in `$x}$'. But perhaps the } is legitimate and
you forgot something else, as in `\hbox{$x}'. In such cases
the way to recover is to insert both the forgotten and the
deleted material, e.g., by typing `I$}'.

[22

]
File: 1234567.jpg Graphic file (type jpg)
 <use 1234567.jpg>
Overfull \hbox (795.6867pt too wide) has occurred while \output is active
 [][]  \OT1/cmss/m/n/6 ([])  
 []

! Missing } inserted.
<inserted text> 
                }
l.466 \end{frame}
                 
I've inserted something that you may have forgotten.
(See the <inserted text> above.)
With luck, this will get me unwedged. But if you
really didn't forget anything, try typing `2' now; then
my insertion and my current dilemma will both disappear.

! Extra }, or forgotten \endgroup.
\endbeamercolorbox ...eps \fi \fi \egroup \egroup 
                                                  \wd \beamer@tempbox =\hsiz...
l.466 \end{frame}
                 
I've deleted a group-closing symbol because it seems to be
spurious, as in `$x}$'. But perhaps the } is legitimate and
you forgot something else, as in `\hbox{$x}'. In such cases
the way to recover is to insert both the forgotten and the
deleted material, e.g., by typing `I$}'.

[23

]
File: 1234567.jpg Graphic file (type jpg)
 <use 1234567.jpg>
Overfull \hbox (795.6867pt too wide) has occurred while \output is active
 [][]  \OT1/cmss/m/n/6 ([])  
 []

! Missing } inserted.
<inserted text> 
                }
l.479 \end{frame}
                 
I've inserted something that you may have forgotten.
(See the <inserted text> above.)
With luck, this will get me unwedged. But if you
really didn't forget anything, try typing `2' now; then
my insertion and my current dilemma will both disappear.

! Extra }, or forgotten \endgroup.
\endbeamercolorbox ...eps \fi \fi \egroup \egroup 
                                                  \wd \beamer@tempbox =\hsiz...
l.479 \end{frame}
                 
I've deleted a group-closing symbol because it seems to be
spurious, as in `$x}$'. But perhaps the } is legitimate and
you forgot something else, as in `\hbox{$x}'. In such cases
the way to recover is to insert both the forgotten and the
deleted material, e.g., by typing `I$}'.

[24

] <./app3.jpg, id=813, 803.0pt x 481.8pt>
File: ./app3.jpg Graphic file (type jpg)
 <use ./app3.jpg>
Overfull \hbox (16.80371pt too wide) in paragraph at lines 497--497
[][]  
 []

LaTeX Font Info:    Try loading font information for U+msa on input line 497.
(/usr/share/texmf-texlive/tex/latex/amsfonts/umsa.fd
File: umsa.fd 2009/06/22 v3.00 AMS symbols A
)
LaTeX Font Info:    Try loading font information for U+msb on input line 497.

(/usr/share/texmf-texlive/tex/latex/amsfonts/umsb.fd
File: umsb.fd 2009/06/22 v3.00 AMS symbols B
)
File: 1234567.jpg Graphic file (type jpg)
 <use 1234567.jpg>
Overfull \hbox (795.6867pt too wide) has occurred while \output is active
 [][]  \OT1/cmss/m/n/6 ([])  
 []

! Missing } inserted.
<inserted text> 
                }
l.497 \end{frame}
                 
I've inserted something that you may have forgotten.
(See the <inserted text> above.)
With luck, this will get me unwedged. But if you
really didn't forget anything, try typing `2' now; then
my insertion and my current dilemma will both disappear.

! Extra }, or forgotten \endgroup.
\endbeamercolorbox ...eps \fi \fi \egroup \egroup 
                                                  \wd \beamer@tempbox =\hsiz...
l.497 \end{frame}
                 
I've deleted a group-closing symbol because it seems to be
spurious, as in `$x}$'. But perhaps the } is legitimate and
you forgot something else, as in `\hbox{$x}'. In such cases
the way to recover is to insert both the forgotten and the
deleted material, e.g., by typing `I$}'.

[25

 <./app3.jpg>] <./app2.jpg, id=843, 352.31625pt x 539.01375pt>
File: ./app2.jpg Graphic file (type jpg)

<use ./app2.jpg>
Overfull \hbox (28.63713pt too wide) in paragraph at lines 512--512
[][]  
 []

File: 1234567.jpg Graphic file (type jpg)
<use 1234567.jpg>
Overfull \hbox (795.6867pt too wide) has occurred while \output is active
 [][]  \OT1/cmss/m/n/6 ([])  
 []

! Missing } inserted.
<inserted text> 
                }
l.512 \end{frame}
                 
I've inserted something that you may have forgotten.
(See the <inserted text> above.)
With luck, this will get me unwedged. But if you
really didn't forget anything, try typing `2' now; then
my insertion and my current dilemma will both disappear.

! Extra }, or forgotten \endgroup.
\endbeamercolorbox ...eps \fi \fi \egroup \egroup 
                                                  \wd \beamer@tempbox =\hsiz...
l.512 \end{frame}
                 
I've deleted a group-closing symbol because it seems to be
spurious, as in `$x}$'. But perhaps the } is legitimate and
you forgot something else, as in `\hbox{$x}'. In such cases
the way to recover is to insert both the forgotten and the
deleted material, e.g., by typing `I$}'.

[26

 <./app2.jpg>] <./app4.jpg, id=871, 430.60875pt x 699.61375pt>
File: ./app4.jpg Graphic file (type jpg)

<use ./app4.jpg>
Overfull \hbox (12.20215pt too wide) in paragraph at lines 528--528
[][]  
 []


Overfull \vbox (22.64307pt too high) detected at line 528
 []

File: 1234567.jpg Graphic file (type jpg)
<use 1234567.jpg>
Overfull \hbox (795.6867pt too wide) has occurred while \output is active
 [][]  \OT1/cmss/m/n/6 ([])  
 []

! Missing } inserted.
<inserted text> 
                }
l.528 \end{frame}
                 
I've inserted something that you may have forgotten.
(See the <inserted text> above.)
With luck, this will get me unwedged. But if you
really didn't forget anything, try typing `2' now; then
my insertion and my current dilemma will both disappear.

! Extra }, or forgotten \endgroup.
\endbeamercolorbox ...eps \fi \fi \egroup \egroup 
                                                  \wd \beamer@tempbox =\hsiz...
l.528 \end{frame}
                 
I've deleted a group-closing symbol because it seems to be
spurious, as in `$x}$'. But perhaps the } is legitimate and
you forgot something else, as in `\hbox{$x}'. In such cases
the way to recover is to insert both the forgotten and the
deleted material, e.g., by typing `I$}'.

[27

 <./app4.jpg>] <./app5.jpg, id=899, 803.0pt x 481.8pt>
File: ./app5.jpg Graphic file (type jpg)
 <use ./app5.jpg>
Overfull \hbox (12.79779pt too wide) in paragraph at lines 544--544
[][]  
 []

File: 1234567.jpg Graphic file (type jpg)
<use 1234567.jpg>
Overfull \hbox (795.6867pt too wide) has occurred while \output is active
 [][]  \OT1/cmss/m/n/6 ([])  
 []

! Missing } inserted.
<inserted text> 
                }
l.544 \end{frame}
                 
I've inserted something that you may have forgotten.
(See the <inserted text> above.)
With luck, this will get me unwedged. But if you
really didn't forget anything, try typing `2' now; then
my insertion and my current dilemma will both disappear.

! Extra }, or forgotten \endgroup.
\endbeamercolorbox ...eps \fi \fi \egroup \egroup 
                                                  \wd \beamer@tempbox =\hsiz...
l.544 \end{frame}
                 
I've deleted a group-closing symbol because it seems to be
spurious, as in `$x}$'. But perhaps the } is legitimate and
you forgot something else, as in `\hbox{$x}'. In such cases
the way to recover is to insert both the forgotten and the
deleted material, e.g., by typing `I$}'.

[28

 <./app5.jpg>] <./app6.jpg, id=927, 481.8pt x 803.0pt>
File: ./app6.jpg Graphic file (type jpg)
 <use ./app6.jpg>
Overfull \hbox (11.6013pt too wide) in paragraph at lines 558--558
[][]  
 []


Overfull \vbox (3.46675pt too high) detected at line 558
 []

File: 1234567.jpg Graphic file (type jpg)
<use 1234567.jpg>
Overfull \hbox (795.6867pt too wide) has occurred while \output is active
 [][]  \OT1/cmss/m/n/6 ([])  
 []

! Missing } inserted.
<inserted text> 
                }
l.558 \end{frame}
                 
I've inserted something that you may have forgotten.
(See the <inserted text> above.)
With luck, this will get me unwedged. But if you
really didn't forget anything, try typing `2' now; then
my insertion and my current dilemma will both disappear.

! Extra }, or forgotten \endgroup.
\endbeamercolorbox ...eps \fi \fi \egroup \egroup 
                                                  \wd \beamer@tempbox =\hsiz...
l.558 \end{frame}
                 
I've deleted a group-closing symbol because it seems to be
spurious, as in `$x}$'. But perhaps the } is legitimate and
you forgot something else, as in `\hbox{$x}'. In such cases
the way to recover is to insert both the forgotten and the
deleted material, e.g., by typing `I$}'.

[29

 <./app6.jpg>] <./app7.jpg, id=955, 803.0pt x 481.8pt>
File: ./app7.jpg Graphic file (type jpg)
 <use ./app7.jpg>
Overfull \hbox (5.98763pt too wide) in paragraph at lines 574--574
[][]  
 []

File: 1234567.jpg Graphic file (type jpg)
<use 1234567.jpg>
Overfull \hbox (795.6867pt too wide) has occurred while \output is active
 [][]  \OT1/cmss/m/n/6 ([])  
 []

! Missing } inserted.
<inserted text> 
                }
l.574 \end{frame}
                 
I've inserted something that you may have forgotten.
(See the <inserted text> above.)
With luck, this will get me unwedged. But if you
really didn't forget anything, try typing `2' now; then
my insertion and my current dilemma will both disappear.

! Extra }, or forgotten \endgroup.
\endbeamercolorbox ...eps \fi \fi \egroup \egroup 
                                                  \wd \beamer@tempbox =\hsiz...
l.574 \end{frame}
                 
I've deleted a group-closing symbol because it seems to be
spurious, as in `$x}$'. But perhaps the } is legitimate and
you forgot something else, as in `\hbox{$x}'. In such cases
the way to recover is to insert both the forgotten and the
deleted material, e.g., by typing `I$}'.

[30

 <./app7.jpg (PNG copy)>] <./app8.jpg, id=982, 541.42274pt x 327.02174pt>
File: ./app8.jpg Graphic file (type jpg)

<use ./app8.jpg>
Overfull \hbox (27.625pt too wide) in paragraph at lines 591--591
[][]  
 []

File: 1234567.jpg Graphic file (type jpg)
<use 1234567.jpg>
Overfull \hbox (795.6867pt too wide) has occurred while \output is active
 [][]  \OT1/cmss/m/n/6 ([])  
 []

! Missing } inserted.
<inserted text> 
                }
l.591 \end{frame}
                 
I've inserted something that you may have forgotten.
(See the <inserted text> above.)
With luck, this will get me unwedged. But if you
really didn't forget anything, try typing `2' now; then
my insertion and my current dilemma will both disappear.

! Extra }, or forgotten \endgroup.
\endbeamercolorbox ...eps \fi \fi \egroup \egroup 
                                                  \wd \beamer@tempbox =\hsiz...
l.591 \end{frame}
                 
I've deleted a group-closing symbol because it seems to be
spurious, as in `$x}$'. But perhaps the } is legitimate and
you forgot something else, as in `\hbox{$x}'. In such cases
the way to recover is to insert both the forgotten and the
deleted material, e.g., by typing `I$}'.

[31

 <./app8.jpg>] <./h2.jpg, id=1010, 659.46375pt x 378.41376pt>
File: ./h2.jpg Graphic file (type jpg)

<use ./h2.jpg>
Overfull \hbox (27.625pt too wide) in paragraph at lines 606--606
[][]  
 []

File: 1234567.jpg Graphic file (type jpg)
<use 1234567.jpg>
Overfull \hbox (795.6867pt too wide) has occurred while \output is active
 [][]  \OT1/cmss/m/n/6 ([])  
 []

! Missing } inserted.
<inserted text> 
                }
l.606 \end{frame}
                 
I've inserted something that you may have forgotten.
(See the <inserted text> above.)
With luck, this will get me unwedged. But if you
really didn't forget anything, try typing `2' now; then
my insertion and my current dilemma will both disappear.

! Extra }, or forgotten \endgroup.
\endbeamercolorbox ...eps \fi \fi \egroup \egroup 
                                                  \wd \beamer@tempbox =\hsiz...
l.606 \end{frame}
                 
I've deleted a group-closing symbol because it seems to be
spurious, as in `$x}$'. But perhaps the } is legitimate and
you forgot something else, as in `\hbox{$x}'. In such cases
the way to recover is to insert both the forgotten and the
deleted material, e.g., by typing `I$}'.

[32

 <./h2.jpg>]
File: 1234567.jpg Graphic file (type jpg)
 <use 1234567.jpg>
Overfull \hbox (795.6867pt too wide) has occurred while \output is active
 [][]  \OT1/cmss/m/n/6 ([])  
 []

! Missing } inserted.
<inserted text> 
                }
l.618 \end{frame}
                 
I've inserted something that you may have forgotten.
(See the <inserted text> above.)
With luck, this will get me unwedged. But if you
really didn't forget anything, try typing `2' now; then
my insertion and my current dilemma will both disappear.

! Extra }, or forgotten \endgroup.
\endbeamercolorbox ...eps \fi \fi \egroup \egroup 
                                                  \wd \beamer@tempbox =\hsiz...
l.618 \end{frame}
                 
I've deleted a group-closing symbol because it seems to be
spurious, as in `$x}$'. But perhaps the } is legitimate and
you forgot something else, as in `\hbox{$x}'. In such cases
the way to recover is to insert both the forgotten and the
deleted material, e.g., by typing `I$}'.

[33

] <./fp.jpg, id=1063, 641.39626pt x 329.23pt>
File: ./fp.jpg Graphic file (type jpg)
 <use ./fp.jpg>
<./fp1.jpg, id=1064, 386.44376pt x 252.945pt>
File: ./fp1.jpg Graphic file (type jpg)
 <use ./fp1.jpg>
Overfull \vbox (13.01083pt too high) detected at line 635
 []

File: 1234567.jpg Graphic file (type jpg)
<use 1234567.jpg>
Overfull \hbox (795.6867pt too wide) has occurred while \output is active
 [][]  \OT1/cmss/m/n/6 ([])  
 []

! Missing } inserted.
<inserted text> 
                }
l.635 \end{frame}
                 
I've inserted something that you may have forgotten.
(See the <inserted text> above.)
With luck, this will get me unwedged. But if you
really didn't forget anything, try typing `2' now; then
my insertion and my current dilemma will both disappear.

! Extra }, or forgotten \endgroup.
\endbeamercolorbox ...eps \fi \fi \egroup \egroup 
                                                  \wd \beamer@tempbox =\hsiz...
l.635 \end{frame}
                 
I've deleted a group-closing symbol because it seems to be
spurious, as in `$x}$'. But perhaps the } is legitimate and
you forgot something else, as in `\hbox{$x}'. In such cases
the way to recover is to insert both the forgotten and the
deleted material, e.g., by typing `I$}'.

[34

 <./fp.jpg> <./fp1.jpg>] <./arch.jpg, id=1092, 161.60374pt x 211.79124pt>
File: ./arch.jpg Graphic file (type jpg)

<use ./arch.jpg> <./h.jpg, id=1093, 1370.11874pt x 2055.68pt>
File: ./h.jpg Graphic file (type jpg)
 <use ./h.jpg>
<./poo.jpg, id=1094, 1110.1475pt x 1381.16pt>
File: ./poo.jpg Graphic file (type jpg)
 <use ./poo.jpg>
<./pr22.jpg, id=1095, 1846.9pt x 3276.24pt>
File: ./pr22.jpg Graphic file (type jpg)
 <use ./pr22.jpg>
<./sonu.jpg, id=1096, 1027.84pt x 1342.01375pt>
File: ./sonu.jpg Graphic file (type jpg)
 <use ./sonu.jpg>
<./prath.jpg, id=1097, 503.8825pt x 753.81625pt>
File: ./prath.jpg Graphic file (type jpg)
 <use ./prath.jpg>
<./pr35.jpg, id=1098, 294.09875pt x 277.035pt>
File: ./pr35.jpg Graphic file (type jpg)
 <use ./pr35.jpg>
<./sud.jpg, id=1099, 240.14719pt x 272.51813pt>
File: ./sud.jpg Graphic file (type jpg)
 <use ./sud.jpg>
Overfull \hbox (44.64351pt too wide) detected at line 663
[][][] $[]$[][][][][][][][] $[]$[][][][][][][][] $[]$[][][][][][][][] $[]$[][][
][][][] 
 []

File: 1234567.jpg Graphic file (type jpg)
<use 1234567.jpg>
Overfull \hbox (795.6867pt too wide) has occurred while \output is active
 [][]  \OT1/cmss/m/n/6 ([])  
 []

! Missing } inserted.
<inserted text> 
                }
l.663 \end{frame}
                 
I've inserted something that you may have forgotten.
(See the <inserted text> above.)
With luck, this will get me unwedged. But if you
really didn't forget anything, try typing `2' now; then
my insertion and my current dilemma will both disappear.

! Extra }, or forgotten \endgroup.
\endbeamercolorbox ...eps \fi \fi \egroup \egroup 
                                                  \wd \beamer@tempbox =\hsiz...
l.663 \end{frame}
                 
I've deleted a group-closing symbol because it seems to be
spurious, as in `$x}$'. But perhaps the } is legitimate and
you forgot something else, as in `\hbox{$x}'. In such cases
the way to recover is to insert both the forgotten and the
deleted material, e.g., by typing `I$}'.

[35

 <./arch.jpg> <./h.jpg> <./poo.jpg> <./pr22.jpg> <./sonu.jpg (PNG copy)> <./pra
th.jpg> <./pr35.jpg (PNG copy)> <./sud.jpg (PNG copy)>]
\tf@nav=\write6
\openout6 = `Grp1_Aadhar_Authen_Presentation_2013_06_30.nav'.

\tf@toc=\write7
\openout7 = `Grp1_Aadhar_Authen_Presentation_2013_06_30.toc'.

\tf@snm=\write8
\openout8 = `Grp1_Aadhar_Authen_Presentation_2013_06_30.snm'.


(./Grp1_Aadhar_Authen_Presentation_2013_06_30.aux)

LaTeX Font Warning: Size substitutions with differences
(Font)              up to 1.0pt have occurred.

 ) 
Here is how much of TeX's memory you used:
 15292 strings out of 495061
 284320 string characters out of 1182621
 356567 words of memory out of 3000000
 17937 multiletter control sequences out of 15000+50000
 11176 words of font info for 41 fonts, out of 3000000 for 9000
 28 hyphenation exceptions out of 8191
 49i,17n,60p,453b,1014s stack positions out of 5000i,500n,10000p,200000b,50000s
</usr/share/texmf-texlive/fonts/type1/public/amsfonts/cm/cmss10.pfb></usr/sha
re/texmf-texlive/fonts/type1/public/amsfonts/cm/cmss12.pfb></usr/share/texmf-te
xlive/fonts/type1/public/amsfonts/cm/cmss17.pfb></usr/share/texmf-texlive/fonts
/type1/public/amsfonts/cm/cmss8.pfb>
Output written on Grp1_Aadhar_Authen_Presentation_2013_06_30.pdf (35 pages, 748
2461 bytes).
PDF statistics:
 1165 PDF objects out of 1200 (max. 8388607)
 97 named destinations out of 1000 (max. 500000)
 431 words of extra memory for PDF output out of 10000 (max. 10000000)

